Files that caused an error:
./U_SRG-STIG_Library_2023_01v1/U_Exchange_2010_Client_Access_V1R9_Manual_STIG/U_Exchange_2010_Client_Access_V1R9_Manual-xccdf.xml: KeyError: 'ident'
Stack Trace:
Traceback (most recent call last):
  File "./stigs/scripts/stig-to-json.py", line 36, in <module>
    json_results = convert_xccdf(raw_file)
                   ^^^^^^^^^^^^^^^^^^^^^^^
  File "./python3.11/site-packages/stig_parser/stig_parser.py", line 131, in convert_xccdf
    IDENT = STIG['Rule']['ident']
            ~~~~~~~~~~~~^^^^^^^^^
KeyError: 'ident'

./U_SRG-STIG_Library_2023_01v1/U_zOS_Websphere_Application_Server_for_TSS_V6R1_Manual_STIG/U_zOS_Websphere_Application_Server_for_TSS_V6R1_STIG_Manual-xccdf.xml: KeyError: 'description'
Stack Trace:
Traceback (most recent call last):
  File "./stigs/scripts/stig-to-json.py", line 36, in <module>
    json_results = convert_xccdf(raw_file)
                   ^^^^^^^^^^^^^^^^^^^^^^^
  File "./python3.11/site-packages/stig_parser/stig_parser.py", line 115, in convert_xccdf
    "Description": CONTENT_DICT['Benchmark']['description'],
                   ~~~~~~~~~~~~~~~~~~~~~~~~~^^^^^^^^^^^^^^^
KeyError: 'description'

./U_SRG-STIG_Library_2023_01v1/U_zOS_CA_Common_Services_for_ACF2_V6R2_Manual_STIG/U_zOS_CA_Common_Services_for_ACF2_V6R2_STIG_Manual-xccdf.xml: KeyError: 'description'
Stack Trace:
Traceback (most recent call last):
  File "./stigs/scripts/stig-to-json.py", line 36, in <module>
    json_results = convert_xccdf(raw_file)
                   ^^^^^^^^^^^^^^^^^^^^^^^
  File "./python3.11/site-packages/stig_parser/stig_parser.py", line 115, in convert_xccdf
    "Description": CONTENT_DICT['Benchmark']['description'],
                   ~~~~~~~~~~~~~~~~~~~~~~~~~^^^^^^^^^^^^^^^
KeyError: 'description'

./U_SRG-STIG_Library_2023_01v1/U_zOS_FDR_for_RACF_V6R2_Manual_STIG/U_zOS_FDR_for_RACF_V6R2_STIG_Manual-xccdf.xml: KeyError: 'description'
Stack Trace:
Traceback (most recent call last):
  File "./stigs/scripts/stig-to-json.py", line 36, in <module>
    json_results = convert_xccdf(raw_file)
                   ^^^^^^^^^^^^^^^^^^^^^^^
  File "./python3.11/site-packages/stig_parser/stig_parser.py", line 115, in convert_xccdf
    "Description": CONTENT_DICT['Benchmark']['description'],
                   ~~~~~~~~~~~~~~~~~~~~~~~~~^^^^^^^^^^^^^^^
KeyError: 'description'

./U_SRG-STIG_Library_2023_01v1/U_MDM_Server_Policy_V2R5_Manual_STIG/U_MDM_Server_Policy_STIG_V2R5_Manual-xccdf.xml: KeyError: 'ident'
Stack Trace:
Traceback (most recent call last):
  File "./stigs/scripts/stig-to-json.py", line 36, in <module>
    json_results = convert_xccdf(raw_file)
                   ^^^^^^^^^^^^^^^^^^^^^^^
  File "./python3.11/site-packages/stig_parser/stig_parser.py", line 131, in convert_xccdf
    IDENT = STIG['Rule']['ident']
            ~~~~~~~~~~~~^^^^^^^^^
KeyError: 'ident'

./U_SRG-STIG_Library_2023_01v1/U_zOS_FDR_for_TSS_V6R2_Manual_STIG/U_zOS_FDR_for_TSS_V6R2_STIG_Manual-xccdf.xml: KeyError: 'description'
Stack Trace:
Traceback (most recent call last):
  File "./stigs/scripts/stig-to-json.py", line 36, in <module>
    json_results = convert_xccdf(raw_file)
                   ^^^^^^^^^^^^^^^^^^^^^^^
  File "./python3.11/site-packages/stig_parser/stig_parser.py", line 115, in convert_xccdf
    "Description": CONTENT_DICT['Benchmark']['description'],
                   ~~~~~~~~~~~~~~~~~~~~~~~~~^^^^^^^^^^^^^^^
KeyError: 'description'

./U_SRG-STIG_Library_2023_01v1/U_Exchange_2010_Mailbox_V1R10_Manual_STIG/U_Exchange_2010_Mailbox_STIG_V1R10_Manual-xccdf.xml: KeyError: 'ident'
Stack Trace:
Traceback (most recent call last):
  File "./stigs/scripts/stig-to-json.py", line 36, in <module>
    json_results = convert_xccdf(raw_file)
                   ^^^^^^^^^^^^^^^^^^^^^^^
  File "./python3.11/site-packages/stig_parser/stig_parser.py", line 131, in convert_xccdf
    IDENT = STIG['Rule']['ident']
            ~~~~~~~~~~~~^^^^^^^^^
KeyError: 'ident'

./U_SRG-STIG_Library_2023_01v1/U_MS_Windows_10_Supporting_Documents/DOD_EP_V3.xml: KeyError: 'Benchmark'
Stack Trace:
Traceback (most recent call last):
  File "./stigs/scripts/stig-to-json.py", line 36, in <module>
    json_results = convert_xccdf(raw_file)
                   ^^^^^^^^^^^^^^^^^^^^^^^
  File "./python3.11/site-packages/stig_parser/stig_parser.py", line 96, in convert_xccdf
    if isinstance(CONTENT_DICT['Benchmark']['plain-text'], list):
                  ~~~~~~~~~~~~^^^^^^^^^^^^^
KeyError: 'Benchmark'

./U_SRG-STIG_Library_2023_01v1/U_MS_Windows_Server_2019_Supporting Files/DOD_EP_V3.xml: KeyError: 'Benchmark'
Stack Trace:
Traceback (most recent call last):
  File "./stigs/scripts/stig-to-json.py", line 36, in <module>
    json_results = convert_xccdf(raw_file)
                   ^^^^^^^^^^^^^^^^^^^^^^^
  File "./python3.11/site-packages/stig_parser/stig_parser.py", line 96, in convert_xccdf
    if isinstance(CONTENT_DICT['Benchmark']['plain-text'], list):
                  ~~~~~~~~~~~~^^^^^^^^^^^^^
KeyError: 'Benchmark'

./U_SRG-STIG_Library_2023_01v1/U_zOS_CA_Common_Services_for_TSS_V6R2_Manual_STIG/U_zOS_CA_Common_Services_for_TSS_V6R2_STIG_Manual-xccdf.xml: KeyError: 'description'
Stack Trace:
Traceback (most recent call last):
  File "./stigs/scripts/stig-to-json.py", line 36, in <module>
    json_results = convert_xccdf(raw_file)
                   ^^^^^^^^^^^^^^^^^^^^^^^
  File "./python3.11/site-packages/stig_parser/stig_parser.py", line 115, in convert_xccdf
    "Description": CONTENT_DICT['Benchmark']['description'],
                   ~~~~~~~~~~~~~~~~~~~~~~~~~^^^^^^^^^^^^^^^
KeyError: 'description'

./U_SRG-STIG_Library_2023_01v1/U_Exchange_2010_Hub_V1R12_Manual_STIG/U_Exchange_2010_Hub_V1R12_Manual-xccdf.xml: KeyError: 'ident'
Stack Trace:
Traceback (most recent call last):
  File "./stigs/scripts/stig-to-json.py", line 36, in <module>
    json_results = convert_xccdf(raw_file)
                   ^^^^^^^^^^^^^^^^^^^^^^^
  File "./python3.11/site-packages/stig_parser/stig_parser.py", line 131, in convert_xccdf
    IDENT = STIG['Rule']['ident']
            ~~~~~~~~~~~~^^^^^^^^^
KeyError: 'ident'

./U_SRG-STIG_Library_2023_01v1/U_MS_Exchange_2010_Edge_V1R15_Manual_STIG/U_MS_Exchange_2010_Edge_STIG_V1R15_Manual-xccdf.xml: KeyError: 'ident'
Stack Trace:
Traceback (most recent call last):
  File "./stigs/scripts/stig-to-json.py", line 36, in <module>
    json_results = convert_xccdf(raw_file)
                   ^^^^^^^^^^^^^^^^^^^^^^^
  File "./python3.11/site-packages/stig_parser/stig_parser.py", line 131, in convert_xccdf
    IDENT = STIG['Rule']['ident']
            ~~~~~~~~~~~~^^^^^^^^^
KeyError: 'ident'

./U_SRG-STIG_Library_2023_01v1/U_Storage_Area_Network_V2R4_Manual_STIG/U_Storage_Area_Network_V2R4_Manual-xccdf.xml: KeyError: 'ident'
Stack Trace:
Traceback (most recent call last):
  File "./stigs/scripts/stig-to-json.py", line 36, in <module>
    json_results = convert_xccdf(raw_file)
                   ^^^^^^^^^^^^^^^^^^^^^^^
  File "./python3.11/site-packages/stig_parser/stig_parser.py", line 131, in convert_xccdf
    IDENT = STIG['Rule']['ident']
            ~~~~~~~~~~~~^^^^^^^^^
KeyError: 'ident'

./U_SRG-STIG_Library_2023_01v1/U_zOS_FDR_for_ACF2_V6R2_Manual_STIG/U_zOS_FDR_for_ACF2_V6R2_STIG_Manual-xccdf.xml: KeyError: 'description'
Stack Trace:
Traceback (most recent call last):
  File "./stigs/scripts/stig-to-json.py", line 36, in <module>
    json_results = convert_xccdf(raw_file)
                   ^^^^^^^^^^^^^^^^^^^^^^^
  File "./python3.11/site-packages/stig_parser/stig_parser.py", line 115, in convert_xccdf
    "Description": CONTENT_DICT['Benchmark']['description'],
                   ~~~~~~~~~~~~~~~~~~~~~~~~~^^^^^^^^^^^^^^^
KeyError: 'description'

./U_SRG-STIG_Library_2023_01v1/U_zOS_TDMF_for_TSS_V6R4_Manual_STIG/U_zOS_TDMF_for_TSS_V6R4_STIG_Manual-xccdf.xml: KeyError: 'description'
Stack Trace:
Traceback (most recent call last):
  File "./stigs/scripts/stig-to-json.py", line 36, in <module>
    json_results = convert_xccdf(raw_file)
                   ^^^^^^^^^^^^^^^^^^^^^^^
  File "./python3.11/site-packages/stig_parser/stig_parser.py", line 115, in convert_xccdf
    "Description": CONTENT_DICT['Benchmark']['description'],
                   ~~~~~~~~~~~~~~~~~~~~~~~~~^^^^^^^^^^^^^^^
KeyError: 'description'

./U_SRG-STIG_Library_2023_01v1/U_Citrix_XenDesktop_7-x_StoreFront_V1R1_Manual_STIG/U_Citrix_XenDesktop_7-x_StoreFront_STIG_V1R1_Manual-xccdf.xml: TypeError: string indices must be integers, not 'str'
Stack Trace:
Traceback (most recent call last):
  File "./stigs/scripts/stig-to-json.py", line 36, in <module>
    json_results = convert_xccdf(raw_file)
                   ^^^^^^^^^^^^^^^^^^^^^^^
  File "./python3.11/site-packages/stig_parser/stig_parser.py", line 131, in convert_xccdf
    IDENT = STIG['Rule']['ident']
            ~~~~^^^^^^^^
TypeError: string indices must be integers, not 'str'

./U_SRG-STIG_Library_2023_01v1/U_zOS_TDMF_for_RACF_V6R4_Manual_STIG/U_zOS_TDMF_for_RACF_V6R4_STIG_Manual-xccdf.xml: KeyError: 'description'
Stack Trace:
Traceback (most recent call last):
  File "./stigs/scripts/stig-to-json.py", line 36, in <module>
    json_results = convert_xccdf(raw_file)
                   ^^^^^^^^^^^^^^^^^^^^^^^
  File "./python3.11/site-packages/stig_parser/stig_parser.py", line 115, in convert_xccdf
    "Description": CONTENT_DICT['Benchmark']['description'],
                   ~~~~~~~~~~~~~~~~~~~~~~~~~^^^^^^^^^^^^^^^
KeyError: 'description'

./U_SRG-STIG_Library_2023_01v1/U_Citrix_VAD_7-x_Workspace_App_V1R2_Manual_STIG/U_Citrix_VAD_7-x_Workspace_App_STIG_V1R2_Manual-xccdf.xml: TypeError: string indices must be integers, not 'str'
Stack Trace:
Traceback (most recent call last):
  File "./stigs/scripts/stig-to-json.py", line 36, in <module>
    json_results = convert_xccdf(raw_file)
                   ^^^^^^^^^^^^^^^^^^^^^^^
  File "./python3.11/site-packages/stig_parser/stig_parser.py", line 131, in convert_xccdf
    IDENT = STIG['Rule']['ident']
            ~~~~^^^^^^^^
TypeError: string indices must be integers, not 'str'

./U_SRG-STIG_Library_2023_01v1/U_zOS_Websphere_Application_Server_for_ACF2_V6R1_Manual_STIG/U_zOS_Websphere_Application_Server_for_ACF2_V6R1_STIG_Manual-xccdf.xml: KeyError: 'description'
Stack Trace:
Traceback (most recent call last):
  File "./stigs/scripts/stig-to-json.py", line 36, in <module>
    json_results = convert_xccdf(raw_file)
                   ^^^^^^^^^^^^^^^^^^^^^^^
  File "./python3.11/site-packages/stig_parser/stig_parser.py", line 115, in convert_xccdf
    "Description": CONTENT_DICT['Benchmark']['description'],
                   ~~~~~~~~~~~~~~~~~~~~~~~~~^^^^^^^^^^^^^^^
KeyError: 'description'

./U_SRG-STIG_Library_2023_01v1/U_zOS_Front_End_Processor_for_RACF_V6R1_Manual_STIG/U_zOS_Front_End_Processor_for_RACF_Manual-xccdf.xml: KeyError: 'description'
Stack Trace:
Traceback (most recent call last):
  File "./stigs/scripts/stig-to-json.py", line 36, in <module>
    json_results = convert_xccdf(raw_file)
                   ^^^^^^^^^^^^^^^^^^^^^^^
  File "./python3.11/site-packages/stig_parser/stig_parser.py", line 115, in convert_xccdf
    "Description": CONTENT_DICT['Benchmark']['description'],
                   ~~~~~~~~~~~~~~~~~~~~~~~~~^^^^^^^^^^^^^^^
KeyError: 'description'

./U_SRG-STIG_Library_2023_01v1/U_Multifunction_Device_and_Network_Printers_V2R14_Manual_STIG/U_Multifunction_Device_and_Network_Printers_STIG_V2R14_Manual-xccdf.xml: KeyError: 'ident'
Stack Trace:
Traceback (most recent call last):
  File "./stigs/scripts/stig-to-json.py", line 36, in <module>
    json_results = convert_xccdf(raw_file)
                   ^^^^^^^^^^^^^^^^^^^^^^^
  File "./python3.11/site-packages/stig_parser/stig_parser.py", line 131, in convert_xccdf
    IDENT = STIG['Rule']['ident']
            ~~~~~~~~~~~~^^^^^^^^^
KeyError: 'ident'

./U_SRG-STIG_Library_2023_01v1/U_Apache_2-2_Site_UNIX_V1R11_Manual_STIG/U_Apache_2-2_Site_UNIX_STIG_V1R11_Manual-xccdf.xml: KeyError: 'ident'
Stack Trace:
Traceback (most recent call last):
  File "./stigs/scripts/stig-to-json.py", line 36, in <module>
    json_results = convert_xccdf(raw_file)
                   ^^^^^^^^^^^^^^^^^^^^^^^
  File "./python3.11/site-packages/stig_parser/stig_parser.py", line 131, in convert_xccdf
    IDENT = STIG['Rule']['ident']
            ~~~~~~~~~~~~^^^^^^^^^
KeyError: 'ident'

./U_SRG-STIG_Library_2023_01v1/U_Apache_2-2_Server_UNIX_V1R11_Manual_STIG/U_Apache_2-2_Server_UNIX_STIG_V1R11_Manual-xccdf.xml: KeyError: 'ident'
Stack Trace:
Traceback (most recent call last):
  File "./stigs/scripts/stig-to-json.py", line 36, in <module>
    json_results = convert_xccdf(raw_file)
                   ^^^^^^^^^^^^^^^^^^^^^^^
  File "./python3.11/site-packages/stig_parser/stig_parser.py", line 131, in convert_xccdf
    IDENT = STIG['Rule']['ident']
            ~~~~~~~~~~~~^^^^^^^^^
KeyError: 'ident'

./U_SRG-STIG_Library_2023_01v1/U_Apache_2-2_Server_WIN_V1R13_Manual_STIG/U_Apache_2-2_Server_WIN_STIG_V1R13_Manual-xccdf.xml: KeyError: 'ident'
Stack Trace:
Traceback (most recent call last):
  File "./stigs/scripts/stig-to-json.py", line 36, in <module>
    json_results = convert_xccdf(raw_file)
                   ^^^^^^^^^^^^^^^^^^^^^^^
  File "./python3.11/site-packages/stig_parser/stig_parser.py", line 131, in convert_xccdf
    IDENT = STIG['Rule']['ident']
            ~~~~~~~~~~~~^^^^^^^^^
KeyError: 'ident'

./U_SRG-STIG_Library_2023_01v1/U_zOS_Front_End_Processor_for_TSS_V6R1_Manual_STIG/U_zOS_Front_End_Processor_for_TSS_Manual-xccdf.xml: KeyError: 'description'
Stack Trace:
Traceback (most recent call last):
  File "./stigs/scripts/stig-to-json.py", line 36, in <module>
    json_results = convert_xccdf(raw_file)
                   ^^^^^^^^^^^^^^^^^^^^^^^
  File "./python3.11/site-packages/stig_parser/stig_parser.py", line 115, in convert_xccdf
    "Description": CONTENT_DICT['Benchmark']['description'],
                   ~~~~~~~~~~~~~~~~~~~~~~~~~^^^^^^^^^^^^^^^
KeyError: 'description'

./U_SRG-STIG_Library_2023_01v1/U_zOS_TDMF_for_ACF2_V6R4_Manual_STIG/U_zOS_TDMF_for_ACF2_V6R4_STIG_Manual-xccdf.xml: KeyError: 'description'
Stack Trace:
Traceback (most recent call last):
  File "./stigs/scripts/stig-to-json.py", line 36, in <module>
    json_results = convert_xccdf(raw_file)
                   ^^^^^^^^^^^^^^^^^^^^^^^
  File "./python3.11/site-packages/stig_parser/stig_parser.py", line 115, in convert_xccdf
    "Description": CONTENT_DICT['Benchmark']['description'],
                   ~~~~~~~~~~~~~~~~~~~~~~~~~^^^^^^^^^^^^^^^
KeyError: 'description'

./U_SRG-STIG_Library_2023_01v1/U_Apache_2-2_Site_WIN_V1R13_Manual_STIG/U_Apache_2-2_Site_WIN_STIG_V1R13_Manual-xccdf.xml: KeyError: 'ident'
Stack Trace:
Traceback (most recent call last):
  File "./stigs/scripts/stig-to-json.py", line 36, in <module>
    json_results = convert_xccdf(raw_file)
                   ^^^^^^^^^^^^^^^^^^^^^^^
  File "./python3.11/site-packages/stig_parser/stig_parser.py", line 131, in convert_xccdf
    IDENT = STIG['Rule']['ident']
            ~~~~~~~~~~~~^^^^^^^^^
KeyError: 'ident'

./U_SRG-STIG_Library_2023_01v1/U_zOS_Front_End_Processor_for_ACF2_V6R1_Manual_STIG/U_zOS_Front_End_Processor_for_ACF2_Manual-xccdf.xml: KeyError: 'description'
Stack Trace:
Traceback (most recent call last):
  File "./stigs/scripts/stig-to-json.py", line 36, in <module>
    json_results = convert_xccdf(raw_file)
                   ^^^^^^^^^^^^^^^^^^^^^^^
  File "./python3.11/site-packages/stig_parser/stig_parser.py", line 115, in convert_xccdf
    "Description": CONTENT_DICT['Benchmark']['description'],
                   ~~~~~~~~~~~~~~~~~~~~~~~~~^^^^^^^^^^^^^^^
KeyError: 'description'

./U_SRG-STIG_Library_2023_01v1/U_zOS_Websphere_Application_Server_for_RACF_V6R1_Manual_STIG/U_zOS_Websphere_Application_Server_for_RACF_V6R1_STIG_Manual-xccdf.xml: KeyError: 'description'
Stack Trace:
Traceback (most recent call last):
  File "./stigs/scripts/stig-to-json.py", line 36, in <module>
    json_results = convert_xccdf(raw_file)
                   ^^^^^^^^^^^^^^^^^^^^^^^
  File "./python3.11/site-packages/stig_parser/stig_parser.py", line 115, in convert_xccdf
    "Description": CONTENT_DICT['Benchmark']['description'],
                   ~~~~~~~~~~~~~~~~~~~~~~~~~^^^^^^^^^^^^^^^
KeyError: 'description'

